Running: C:\Xilinx\14.6\ISE_DS\ISE\bin\nt\unwrapped\fuse.exe -intstyle ise -incremental -o H:/Projects/EEE8004/BIST/BIST_isim_beh.exe -prj H:/Projects/EEE8004/BIST/BIST_beh.prj work.BIST 
ISim P.68d (signature 0x8ef4fb42)
Number of CPUs detected in this system: 4
Turning on mult-threading, number of parallel sub-compilation jobs: 8 
Determining compilation order of HDL files
Parsing VHDL file "H:/Projects/EEE8004/BIST/SIGNATURE.vhdl" into library work
Parsing VHDL file "H:/Projects/EEE8004/BIST/PBRS_generator.vhd" into library work
Parsing VHDL file "H:/Projects/EEE8004/BIST/ALU.vhdl" into library work
Parsing VHDL file "H:/Projects/EEE8004/BIST/BIST.vhd" into library work
Starting static elaboration
Completed static elaboration
Fuse Memory Usage: 122432 KB
Fuse CPU Usage: 265 ms
Compiling package standard
Compiling package std_logic_1164
Compiling package std_logic_arith
Compiling package std_logic_signed
Compiling architecture behavioral of entity PBRS_generator [\PBRS_generator(9)\]
Compiling architecture behavioral of entity ALU [alu_default]
Compiling architecture behavioral of entity SIGNATURE [signature_default]
Compiling architecture structural of entity bist
Time Resolution for simulation is 1ps.
Waiting for 1 sub-compilation(s) to finish...
Compiled 11 VHDL Units
Built simulation executable H:/Projects/EEE8004/BIST/BIST_isim_beh.exe
Fuse Memory Usage: 158320 KB
Fuse CPU Usage: 560 ms
