ISim log file
Running: H:\Projects\EEE8004\BIST\BIST_isim_beh.exe -intstyle ise -gui -tclbatch isim.cmd -wdb H:/Projects/EEE8004/BIST/BIST_isim_beh.wdb 
ISim P.68d (signature 0x8ef4fb42)
----------------------------------------------------------------------
INFO:Security:50 - The XILINXD_LICENSE_FILE environment variable is set to 'c:\.Xilinx\xilinx.lic'.
INFO:Security:52 - The LM_LICENSE_FILE environment variable is set to '27012@eecear01.ncl.ac.uk'.
WARNING:Security:43 - No license file was found in the standard Xilinx license directory.
WARNING:Security:44 - Since no license file was found,
       please run the Xilinx License Configuration Manager
       (xlcm or "Manage Xilinx Licenses")
       to assist in obtaining a license.
WARNING:Security:42 - Your license support version '2013.12' for ISIM expires in 29 days after which you will not qualify for Xilinx software updates or new releases.


----------------------------------------------------------------------
This is a Full version of ISim.
Time resolution is 1 ps
# onerror resume
# wave add /
# run 1000 ns
Simulator is doing circuit initialization process.
Finished circuit initialization process.
