--------------------------------------------------------------------------------
Release 14.6 Trace  (nt)
Copyright (c) 1995-2013 Xilinx, Inc.  All rights reserved.

C:\Xilinx\14.6\ISE_DS\ISE\bin\nt\unwrapped\trce.exe -intstyle ise -v 3 -s 4 -n
3 -fastpaths -xml ALU.twx ALU.ncd -o ALU.twr ALU.pcf

Design file:              ALU.ncd
Physical constraint file: ALU.pcf
Device,package,speed:     xc3s200,ft256,-4 (PRODUCTION 1.39 2013-06-08)
Report level:             verbose report

Environment Variable      Effect 
--------------------      ------ 
NONE                      No environment variables were set
--------------------------------------------------------------------------------

INFO:Timing:2698 - No timing constraints found, doing default enumeration.
INFO:Timing:3412 - To improve timing, see the Timing Closure User Guide (UG612).
INFO:Timing:2752 - To get complete path coverage, use the unconstrained paths 
   option. All paths that are not constrained will be reported in the 
   unconstrained paths section(s) of the report.
INFO:Timing:3339 - The clock-to-out numbers in this timing report are based on 
   a 50 Ohm transmission line loading model.  For the details of this model, 
   and for more information on accounting for different loading conditions, 
   please see the device datasheet.
INFO:Timing:3390 - This architecture does not support a default System Jitter 
   value, please add SYSTEM_JITTER constraint to the UCF to modify the Clock 
   Uncertainty calculation.
INFO:Timing:3389 - This architecture does not support 'Discrete Jitter' and 
   'Phase Error' calculations, these terms will be zero in the Clock 
   Uncertainty calculation.  Please make appropriate modification to 
   SYSTEM_JITTER to account for the unsupported Discrete Jitter and Phase 
   Error.



Data Sheet report:
-----------------
All values displayed in nanoseconds (ns)

Pad to Pad
---------------+---------------+---------+
Source Pad     |Destination Pad|  Delay  |
---------------+---------------+---------+
A<0>           |O<0>           |    8.739|
A<0>           |O<1>           |   10.048|
A<0>           |O<2>           |    9.157|
A<0>           |O<3>           |    9.158|
A<1>           |O<1>           |    9.450|
A<1>           |O<2>           |    9.801|
A<1>           |O<3>           |    9.726|
A<2>           |O<2>           |    9.934|
A<2>           |O<3>           |    8.986|
A<3>           |O<3>           |    9.038|
B<0>           |O<0>           |    8.321|
B<0>           |O<1>           |    9.612|
B<0>           |O<2>           |    9.100|
B<0>           |O<3>           |    9.101|
B<1>           |O<1>           |    9.296|
B<1>           |O<2>           |    9.647|
B<1>           |O<3>           |    9.572|
B<2>           |O<2>           |    9.776|
B<2>           |O<3>           |    8.828|
B<3>           |O<3>           |    8.884|
F<0>           |O<0>           |    9.083|
F<0>           |O<1>           |    9.934|
F<0>           |O<2>           |   10.274|
F<0>           |O<3>           |   10.077|
F<1>           |O<0>           |    9.053|
F<1>           |O<1>           |   10.368|
F<1>           |O<2>           |   10.784|
F<1>           |O<3>           |   10.168|
---------------+---------------+---------+


Analysis completed Mon Nov 25 11:04:02 2013 
--------------------------------------------------------------------------------

Trace Settings:
-------------------------
Trace Settings 

Peak Memory Usage: 118 MB



