Running: C:\Xilinx\14.6\ISE_DS\ISE\bin\nt\unwrapped\fuse.exe -intstyle ise -incremental -o H:/Projects/EEE8004/ALU/ALU_tbv_isim_beh.exe -prj H:/Projects/EEE8004/ALU/ALU_tbv_beh.prj work.ALU_tbv 
ISim P.68d (signature 0x8ef4fb42)
Number of CPUs detected in this system: 4
Turning on mult-threading, number of parallel sub-compilation jobs: 8 
Determining compilation order of HDL files
Parsing VHDL file "H:/Projects/EEE8004/ALU/ALU.vhdl" into library work
Parsing VHDL file "H:/Projects/EEE8004/ALU/ALU_tbv.vhd" into library work
Starting static elaboration
Completed static elaboration
Fuse Memory Usage: 121792 KB
Fuse CPU Usage: 233 ms
Compiling package standard
Compiling package std_logic_1164
Compiling package std_logic_arith
Compiling package std_logic_signed
Compiling architecture behavioral of entity ALU [alu_default]
Compiling architecture behavior of entity alu_tbv
Time Resolution for simulation is 1ps.
Waiting for 1 sub-compilation(s) to finish...
Compiled 7 VHDL Units
Built simulation executable H:/Projects/EEE8004/ALU/ALU_tbv_isim_beh.exe
Fuse Memory Usage: 157680 KB
Fuse CPU Usage: 405 ms
